0 info it worked if it ends with ok
1 verbose cli [ 'C:\\Program Files\\nodejs\\node.exe',
1 verbose cli   'C:\\Program Files\\nodejs\\node_modules\\npm\\bin\\npm-cli.js',
1 verbose cli   'install' ]
2 info using npm@3.8.9
3 info using node@v6.2.0
4 silly loadCurrentTree Starting
5 silly install loadCurrentTree
6 silly install readLocalPackageData
7 silly install normalizeTree
8 silly loadCurrentTree Finishing
9 silly loadIdealTree Starting
10 silly install loadIdealTree
11 silly cloneCurrentTree Starting
12 silly install cloneCurrentTreeToIdealTree
13 silly cloneCurrentTree Finishing
14 silly loadShrinkwrap Starting
15 silly install loadShrinkwrap
16 silly loadShrinkwrap Finishing
17 silly loadAllDepsIntoIdealTree Starting
18 silly install loadAllDepsIntoIdealTree
19 silly fetchNamedPackageData bootstrap
20 silly mapToRegistry name bootstrap
21 silly mapToRegistry using default registry
22 silly mapToRegistry registry https://registry.npmjs.org/
23 silly mapToRegistry data Result {
23 silly mapToRegistry   raw: 'bootstrap',
23 silly mapToRegistry   scope: null,
23 silly mapToRegistry   name: 'bootstrap',
23 silly mapToRegistry   rawSpec: '',
23 silly mapToRegistry   spec: 'latest',
23 silly mapToRegistry   type: 'tag' }
24 silly mapToRegistry uri https://registry.npmjs.org/bootstrap
25 verbose request uri https://registry.npmjs.org/bootstrap
26 verbose request no auth needed
27 info attempt registry request try #1 at 1:03:58 PM
28 verbose request id e820977e88de85fc
29 verbose etag "39BZDAGWC68A97JGSTP2Y4BBM"
30 http request GET https://registry.npmjs.org/bootstrap
31 http 200 https://registry.npmjs.org/bootstrap
32 verbose headers { server: 'CouchDB/1.5.0 (Erlang OTP/R16B03)',
32 verbose headers   etag: '"R7WVQIBY18UM064DQ045JNDU"',
32 verbose headers   'content-type': 'application/json',
32 verbose headers   'content-encoding': 'gzip',
32 verbose headers   'cache-control': 'max-age=300',
32 verbose headers   'content-length': '8023',
32 verbose headers   'accept-ranges': 'bytes',
32 verbose headers   date: 'Tue, 28 Jun 2016 06:03:50 GMT',
32 verbose headers   via: '1.1 varnish',
32 verbose headers   age: '125',
32 verbose headers   connection: 'keep-alive',
32 verbose headers   'x-served-by': 'cache-sin6922-SIN',
32 verbose headers   'x-cache': 'HIT',
32 verbose headers   'x-cache-hits': '1',
32 verbose headers   'x-timer': 'S1467093830.259743,VS0,VE0',
32 verbose headers   vary: 'Accept-Encoding' }
33 silly get cb [ 200,
33 silly get   { server: 'CouchDB/1.5.0 (Erlang OTP/R16B03)',
33 silly get     etag: '"R7WVQIBY18UM064DQ045JNDU"',
33 silly get     'content-type': 'application/json',
33 silly get     'content-encoding': 'gzip',
33 silly get     'cache-control': 'max-age=300',
33 silly get     'content-length': '8023',
33 silly get     'accept-ranges': 'bytes',
33 silly get     date: 'Tue, 28 Jun 2016 06:03:50 GMT',
33 silly get     via: '1.1 varnish',
33 silly get     age: '125',
33 silly get     connection: 'keep-alive',
33 silly get     'x-served-by': 'cache-sin6922-SIN',
33 silly get     'x-cache': 'HIT',
33 silly get     'x-cache-hits': '1',
33 silly get     'x-timer': 'S1467093830.259743,VS0,VE0',
33 silly get     vary: 'Accept-Encoding' } ]
34 verbose get saving bootstrap to C:\Users\PC\AppData\Roaming\npm-cache\registry.npmjs.org\bootstrap\.cache.json
35 verbose correctMkdir C:\Users\PC\AppData\Roaming\npm-cache correctMkdir not in flight; initializing
36 silly fetchPackageMetaData Error: No compatible version found: bootstrap@^3.3.7
36 silly fetchPackageMetaData Valid install targets:
36 silly fetchPackageMetaData 4.0.0-alpha.2, 3.3.6, 3.3.5, 3.3.4, 3.3.2, 3.3.1, 3.3.0, 3.2.0, 3.1.1, 0.0.2, 0.0.1
36 silly fetchPackageMetaData
36 silly fetchPackageMetaData     at pickVersionFromRegistryDocument (C:\Program Files\nodejs\node_modules\npm\lib\fetch-package-metadata.js:157:16)
36 silly fetchPackageMetaData     at C:\Program Files\nodejs\node_modules\npm\node_modules\iferr\index.js:13:50
36 silly fetchPackageMetaData     at C:\Program Files\nodejs\node_modules\npm\lib\utils\pulse-till-done.js:19:8
36 silly fetchPackageMetaData     at saved (C:\Program Files\nodejs\node_modules\npm\lib\cache\caching-client.js:168:7)
36 silly fetchPackageMetaData     at C:\Program Files\nodejs\node_modules\npm\node_modules\graceful-fs\polyfills.js:210:7
36 silly fetchPackageMetaData     at FSReqWrap.oncomplete (fs.js:117:15)
36 silly fetchPackageMetaData  error for bootstrap@^3.3.7 Error: No compatible version found: bootstrap@^3.3.7
36 silly fetchPackageMetaData Valid install targets:
36 silly fetchPackageMetaData 4.0.0-alpha.2, 3.3.6, 3.3.5, 3.3.4, 3.3.2, 3.3.1, 3.3.0, 3.2.0, 3.1.1, 0.0.2, 0.0.1
36 silly fetchPackageMetaData
36 silly fetchPackageMetaData     at pickVersionFromRegistryDocument (C:\Program Files\nodejs\node_modules\npm\lib\fetch-package-metadata.js:157:16)
36 silly fetchPackageMetaData     at C:\Program Files\nodejs\node_modules\npm\node_modules\iferr\index.js:13:50
36 silly fetchPackageMetaData     at C:\Program Files\nodejs\node_modules\npm\lib\utils\pulse-till-done.js:19:8
36 silly fetchPackageMetaData     at saved (C:\Program Files\nodejs\node_modules\npm\lib\cache\caching-client.js:168:7)
36 silly fetchPackageMetaData     at C:\Program Files\nodejs\node_modules\npm\node_modules\graceful-fs\polyfills.js:210:7
36 silly fetchPackageMetaData     at FSReqWrap.oncomplete (fs.js:117:15)
37 silly rollbackFailedOptional Starting
38 silly rollbackFailedOptional Finishing
39 silly runTopLevelLifecycles Starting
40 silly runTopLevelLifecycles Finishing
41 silly install printInstalled
42 verbose stack Error: No compatible version found: bootstrap@^3.3.7
42 verbose stack Valid install targets:
42 verbose stack 4.0.0-alpha.2, 3.3.6, 3.3.5, 3.3.4, 3.3.2, 3.3.1, 3.3.0, 3.2.0, 3.1.1, 0.0.2, 0.0.1
42 verbose stack
42 verbose stack     at pickVersionFromRegistryDocument (C:\Program Files\nodejs\node_modules\npm\lib\fetch-package-metadata.js:157:16)
42 verbose stack     at C:\Program Files\nodejs\node_modules\npm\node_modules\iferr\index.js:13:50
42 verbose stack     at C:\Program Files\nodejs\node_modules\npm\lib\utils\pulse-till-done.js:19:8
42 verbose stack     at saved (C:\Program Files\nodejs\node_modules\npm\lib\cache\caching-client.js:168:7)
42 verbose stack     at C:\Program Files\nodejs\node_modules\npm\node_modules\graceful-fs\polyfills.js:210:7
42 verbose stack     at FSReqWrap.oncomplete (fs.js:117:15)
43 verbose cwd d:\Demo_Project\express-react
44 error Windows_NT 10.0.10586
45 error argv "C:\\Program Files\\nodejs\\node.exe" "C:\\Program Files\\nodejs\\node_modules\\npm\\bin\\npm-cli.js" "install"
46 error node v6.2.0
47 error npm  v3.8.9
48 error No compatible version found: bootstrap@^3.3.7
48 error Valid install targets:
48 error 4.0.0-alpha.2, 3.3.6, 3.3.5, 3.3.4, 3.3.2, 3.3.1, 3.3.0, 3.2.0, 3.1.1, 0.0.2, 0.0.1
49 error If you need help, you may report this error at:
49 error     <https://github.com/npm/npm/issues>
50 verbose exit [ 1, true ]
